<?xml version="1.0" encoding="UTF-8"?>
<testng-results ignored="0" total="2" passed="2" failed="0" skipped="0">
  <reporter-output>
  </reporter-output>
  <suite started-at="2025-08-07T12:59:23 IST" name="Suite" finished-at="2025-08-07T13:00:14 IST" duration-ms="51579">
    <groups>
    </groups>
    <test started-at="2025-08-07T12:59:23 IST" name="Test1" finished-at="2025-08-07T12:59:47 IST" duration-ms="23804">
      <class name="cHECKUP.AddACheckupTest">
        <test-method is-config="true" signature="startServer()[pri:0, instance:cHECKUP.AddACheckupTest@508dec2b]" started-at="2025-08-07T12:59:20 IST" name="startServer" finished-at="2025-08-07T12:59:23 IST" duration-ms="2284" status="PASS">
          <reporter-output>
          </reporter-output>
        </test-method> <!-- startServer -->
        <test-method is-config="true" signature="launchApp(java.lang.String,java.lang.String)[pri:0, instance:cHECKUP.AddACheckupTest@508dec2b]" started-at="2025-08-07T12:59:23 IST" name="launchApp" finished-at="2025-08-07T12:59:27 IST" duration-ms="4039" status="PASS">
          <params>
            <param index="0">
              <value>
                <![CDATA[Nothing Phone (2)]]>
              </value>
            </param>
            <param index="1">
              <value>
                <![CDATA[3d4b0a85]]>
              </value>
            </param>
          </params>
          <reporter-output>
          </reporter-output>
        </test-method> <!-- launchApp -->
        <test-method signature="addCheakup()[pri:0, instance:cHECKUP.AddACheckupTest@508dec2b]" started-at="2025-08-07T12:59:27 IST" name="addCheakup" finished-at="2025-08-07T12:59:46 IST" duration-ms="19277" status="PASS">
          <reporter-output>
          </reporter-output>
        </test-method> <!-- addCheakup -->
        <test-method is-config="true" signature="closeApp()[pri:0, instance:cHECKUP.AddACheckupTest@508dec2b]" started-at="2025-08-07T12:59:46 IST" name="closeApp" finished-at="2025-08-07T12:59:47 IST" duration-ms="426" status="PASS">
          <reporter-output>
          </reporter-output>
        </test-method> <!-- closeApp -->
        <test-method is-config="true" signature="stopServer()[pri:0, instance:cHECKUP.AddACheckupTest@508dec2b]" started-at="2025-08-07T13:00:14 IST" name="stopServer" finished-at="2025-08-07T13:00:14 IST" duration-ms="61" status="PASS">
          <reporter-output>
          </reporter-output>
        </test-method> <!-- stopServer -->
      </class> <!-- cHECKUP.AddACheckupTest -->
    </test> <!-- Test1 -->
    <test started-at="2025-08-07T12:59:23 IST" name="Test" finished-at="2025-08-07T13:00:14 IST" duration-ms="51579">
      <class name="cHECKUP.AddACheckupTest">
        <test-method is-config="true" signature="launchApp(java.lang.String,java.lang.String)[pri:0, instance:cHECKUP.AddACheckupTest@7b4c50bc]" started-at="2025-08-07T12:59:23 IST" name="launchApp" finished-at="2025-08-07T12:59:32 IST" duration-ms="9624" status="PASS">
          <params>
            <param index="0">
              <value>
                <![CDATA[galaxy A04]]>
              </value>
            </param>
            <param index="1">
              <value>
                <![CDATA[R9ZW1065M9V]]>
              </value>
            </param>
          </params>
          <reporter-output>
          </reporter-output>
        </test-method> <!-- launchApp -->
        <test-method signature="addCheakup()[pri:0, instance:cHECKUP.AddACheckupTest@7b4c50bc]" started-at="2025-08-07T12:59:32 IST" name="addCheakup" finished-at="2025-08-07T13:00:13 IST" duration-ms="41005" status="PASS">
          <reporter-output>
          </reporter-output>
        </test-method> <!-- addCheakup -->
        <test-method is-config="true" signature="closeApp()[pri:0, instance:cHECKUP.AddACheckupTest@7b4c50bc]" started-at="2025-08-07T13:00:13 IST" name="closeApp" finished-at="2025-08-07T13:00:14 IST" duration-ms="900" status="PASS">
          <reporter-output>
          </reporter-output>
        </test-method> <!-- closeApp -->
      </class> <!-- cHECKUP.AddACheckupTest -->
    </test> <!-- Test -->
  </suite> <!-- Suite -->
</testng-results>
